[2024-11-26 08:15:38] local.ERROR: SQLSTATE[HY000] [1049] Unknown database 'football_championship' (Connection: mysql, SQL: select * from `sessions` where `id` = 43GOSBd6TgxRr1EGSNLlZNjec1tALxI9MmGq0Biy limit 1) {"exception":"[object] (Illuminate\\Database\\QueryException(code: 1049): SQLSTATE[HY000] [1049] Unknown database 'football_championship' (Connection: mysql, SQL: select * from `sessions` where `id` = 43GOSBd6TgxRr1EGSNLlZNjec1tALxI9MmGq0Biy limit 1) at /home/myst1o/dev/school/laravel/football_championship/vendor/laravel/framework/src/Illuminate/Database/Connection.php:825)
[stacktrace]
#0 /home/myst1o/dev/school/laravel/football_championship/vendor/laravel/framework/src/Illuminate/Database/Connection.php(779): Illuminate\\Database\\Connection->runQueryCallback()
#1 /home/myst1o/dev/school/laravel/football_championship/vendor/laravel/framework/src/Illuminate/Database/Connection.php(398): Illuminate\\Database\\Connection->run()
#2 /home/myst1o/dev/school/laravel/football_championship/vendor/laravel/framework/src/Illuminate/Database/Query/Builder.php(3133): Illuminate\\Database\\Connection->select()
#3 /home/myst1o/dev/school/laravel/football_championship/vendor/laravel/framework/src/Illuminate/Database/Query/Builder.php(3118): Illuminate\\Database\\Query\\Builder->runSelect()
#4 /home/myst1o/dev/school/laravel/football_championship/vendor/laravel/framework/src/Illuminate/Database/Query/Builder.php(3706): Illuminate\\Database\\Query\\Builder->Illuminate\\Database\\Query\\{closure}()
#5 /home/myst1o/dev/school/laravel/football_championship/vendor/laravel/framework/src/Illuminate/Database/Query/Builder.php(3117): Illuminate\\Database\\Query\\Builder->onceWithColumns()
#6 /home/myst1o/dev/school/laravel/football_championship/vendor/laravel/framework/src/Illuminate/Database/Concerns/BuildsQueries.php(344): Illuminate\\Database\\Query\\Builder->get()
#7 /home/myst1o/dev/school/laravel/football_championship/vendor/laravel/framework/src/Illuminate/Database/Query/Builder.php(3038): Illuminate\\Database\\Query\\Builder->first()
#8 /home/myst1o/dev/school/laravel/football_championship/vendor/laravel/framework/src/Illuminate/Session/DatabaseSessionHandler.php(97): Illuminate\\Database\\Query\\Builder->find()
#9 /home/myst1o/dev/school/laravel/football_championship/vendor/laravel/framework/src/Illuminate/Session/Store.php(113): Illuminate\\Session\\DatabaseSessionHandler->read()
#10 /home/myst1o/dev/school/laravel/football_championship/vendor/laravel/framework/src/Illuminate/Session/Store.php(101): Illuminate\\Session\\Store->readFromHandler()
#11 /home/myst1o/dev/school/laravel/football_championship/vendor/laravel/framework/src/Illuminate/Session/Store.php(85): Illuminate\\Session\\Store->loadSession()
#12 /home/myst1o/dev/school/laravel/football_championship/vendor/laravel/framework/src/Illuminate/Session/Middleware/StartSession.php(147): Illuminate\\Session\\Store->start()
#13 /home/myst1o/dev/school/laravel/football_championship/vendor/laravel/framework/src/Illuminate/Support/helpers.php(380): Illuminate\\Session\\Middleware\\StartSession->Illuminate\\Session\\Middleware\\{closure}()
#14 /home/myst1o/dev/school/laravel/football_championship/vendor/laravel/framework/src/Illuminate/Session/Middleware/StartSession.php(144): tap()
#15 /home/myst1o/dev/school/laravel/football_championship/vendor/laravel/framework/src/Illuminate/Session/Middleware/StartSession.php(116): Illuminate\\Session\\Middleware\\StartSession->startSession()
#16 /home/myst1o/dev/school/laravel/football_championship/vendor/laravel/framework/src/Illuminate/Session/Middleware/StartSession.php(64): Illuminate\\Session\\Middleware\\StartSession->handleStatefulRequest()
#17 /home/myst1o/dev/school/laravel/football_championship/vendor/laravel/framework/src/Illuminate/Pipeline/Pipeline.php(183): Illuminate\\Session\\Middleware\\StartSession->handle()
#18 /home/myst1o/dev/school/laravel/football_championship/vendor/laravel/framework/src/Illuminate/Cookie/Middleware/AddQueuedCookiesToResponse.php(37): Illuminate\\Pipeline\\Pipeline->Illuminate\\Pipeline\\{closure}()
#19 /home/myst1o/dev/school/laravel/football_championship/vendor/laravel/framework/src/Illuminate/Pipeline/Pipeline.php(183): Illuminate\\Cookie\\Middleware\\AddQueuedCookiesToResponse->handle()
#20 /home/myst1o/dev/school/laravel/football_championship/vendor/laravel/framework/src/Illuminate/Cookie/Middleware/EncryptCookies.php(75): Illuminate\\Pipeline\\Pipeline->Illuminate\\Pipeline\\{closure}()
#21 /home/myst1o/dev/school/laravel/football_championship/vendor/laravel/framework/src/Illuminate/Pipeline/Pipeline.php(183): Illuminate\\Cookie\\Middleware\\EncryptCookies->handle()
#22 /home/myst1o/dev/school/laravel/football_championship/vendor/laravel/framework/src/Illuminate/Pipeline/Pipeline.php(119): Illuminate\\Pipeline\\Pipeline->Illuminate\\Pipeline\\{closure}()
#23 /home/myst1o/dev/school/laravel/football_championship/vendor/laravel/framework/src/Illuminate/Routing/Router.php(807): Illuminate\\Pipeline\\Pipeline->then()
#24 /home/myst1o/dev/school/laravel/football_championship/vendor/laravel/framework/src/Illuminate/Routing/Router.php(786): Illuminate\\Routing\\Router->runRouteWithinStack()
#25 /home/myst1o/dev/school/laravel/football_championship/vendor/laravel/framework/src/Illuminate/Routing/Router.php(750): Illuminate\\Routing\\Router->runRoute()
#26 /home/myst1o/dev/school/laravel/football_championship/vendor/laravel/framework/src/Illuminate/Routing/Router.php(739): Illuminate\\Routing\\Router->dispatchToRoute()
#27 /home/myst1o/dev/school/laravel/football_championship/vendor/laravel/framework/src/Illuminate/Foundation/Http/Kernel.php(201): Illuminate\\Routing\\Router->dispatch()
#28 /home/myst1o/dev/school/laravel/football_championship/vendor/laravel/framework/src/Illuminate/Pipeline/Pipeline.php(144): Illuminate\\Foundation\\Http\\Kernel->Illuminate\\Foundation\\Http\\{closure}()
#29 /home/myst1o/dev/school/laravel/football_championship/vendor/laravel/framework/src/Illuminate/Foundation/Http/Middleware/TransformsRequest.php(21): Illuminate\\Pipeline\\Pipeline->Illuminate\\Pipeline\\{closure}()
#30 /home/myst1o/dev/school/laravel/football_championship/vendor/laravel/framework/src/Illuminate/Foundation/Http/Middleware/ConvertEmptyStringsToNull.php(31): Illuminate\\Foundation\\Http\\Middleware\\TransformsRequest->handle()
#31 /home/myst1o/dev/school/laravel/football_championship/vendor/laravel/framework/src/Illuminate/Pipeline/Pipeline.php(183): Illuminate\\Foundation\\Http\\Middleware\\ConvertEmptyStringsToNull->handle()
#32 /home/myst1o/dev/school/laravel/football_championship/vendor/laravel/framework/src/Illuminate/Foundation/Http/Middleware/TransformsRequest.php(21): Illuminate\\Pipeline\\Pipeline->Illuminate\\Pipeline\\{closure}()
#33 /home/myst1o/dev/school/laravel/football_championship/vendor/laravel/framework/src/Illuminate/Foundation/Http/Middleware/TrimStrings.php(51): Illuminate\\Foundation\\Http\\Middleware\\TransformsRequest->handle()
#34 /home/myst1o/dev/school/laravel/football_championship/vendor/laravel/framework/src/Illuminate/Pipeline/Pipeline.php(183): Illuminate\\Foundation\\Http\\Middleware\\TrimStrings->handle()
#35 /home/myst1o/dev/school/laravel/football_championship/vendor/laravel/framework/src/Illuminate/Http/Middleware/ValidatePostSize.php(27): Illuminate\\Pipeline\\Pipeline->Illuminate\\Pipeline\\{closure}()
#36 /home/myst1o/dev/school/laravel/football_championship/vendor/laravel/framework/src/Illuminate/Pipeline/Pipeline.php(183): Illuminate\\Http\\Middleware\\ValidatePostSize->handle()
#37 /home/myst1o/dev/school/laravel/football_championship/vendor/laravel/framework/src/Illuminate/Foundation/Http/Middleware/PreventRequestsDuringMaintenance.php(110): Illuminate\\Pipeline\\Pipeline->Illuminate\\Pipeline\\{closure}()
#38 /home/myst1o/dev/school/laravel/football_championship/vendor/laravel/framework/src/Illuminate/Pipeline/Pipeline.php(183): Illuminate\\Foundation\\Http\\Middleware\\PreventRequestsDuringMaintenance->handle()
#39 /home/myst1o/dev/school/laravel/football_championship/vendor/laravel/framework/src/Illuminate/Http/Middleware/HandleCors.php(49): Illuminate\\Pipeline\\Pipeline->Illuminate\\Pipeline\\{closure}()
#40 /home/myst1o/dev/school/laravel/football_championship/vendor/laravel/framework/src/Illuminate/Pipeline/Pipeline.php(183): Illuminate\\Http\\Middleware\\HandleCors->handle()
#41 /home/myst1o/dev/school/laravel/football_championship/vendor/laravel/framework/src/Illuminate/Http/Middleware/TrustProxies.php(58): Illuminate\\Pipeline\\Pipeline->Illuminate\\Pipeline\\{closure}()
#42 /home/myst1o/dev/school/laravel/football_championship/vendor/laravel/framework/src/Illuminate/Pipeline/Pipeline.php(183): Illuminate\\Http\\Middleware\\TrustProxies->handle()
#43 /home/myst1o/dev/school/laravel/football_championship/vendor/laravel/framework/src/Illuminate/Foundation/Http/Middleware/InvokeDeferredCallbacks.php(22): Illuminate\\Pipeline\\Pipeline->Illuminate\\Pipeline\\{closure}()
#44 /home/myst1o/dev/school/laravel/football_championship/vendor/laravel/framework/src/Illuminate/Pipeline/Pipeline.php(183): Illuminate\\Foundation\\Http\\Middleware\\InvokeDeferredCallbacks->handle()
#45 /home/myst1o/dev/school/laravel/football_championship/vendor/laravel/framework/src/Illuminate/Pipeline/Pipeline.php(119): Illuminate\\Pipeline\\Pipeline->Illuminate\\Pipeline\\{closure}()
#46 /home/myst1o/dev/school/laravel/football_championship/vendor/laravel/framework/src/Illuminate/Foundation/Http/Kernel.php(176): Illuminate\\Pipeline\\Pipeline->then()
#47 /home/myst1o/dev/school/laravel/football_championship/vendor/laravel/framework/src/Illuminate/Foundation/Http/Kernel.php(145): Illuminate\\Foundation\\Http\\Kernel->sendRequestThroughRouter()
#48 /home/myst1o/dev/school/laravel/football_championship/vendor/laravel/framework/src/Illuminate/Foundation/Application.php(1190): Illuminate\\Foundation\\Http\\Kernel->handle()
#49 /home/myst1o/dev/school/laravel/football_championship/public/index.php(17): Illuminate\\Foundation\\Application->handleRequest()
#50 /home/myst1o/dev/school/laravel/football_championship/vendor/laravel/framework/src/Illuminate/Foundation/resources/server.php(23): require_once('...')
#51 {main}

[previous exception] [object] (PDOException(code: 1049): SQLSTATE[HY000] [1049] Unknown database 'football_championship' at /home/myst1o/dev/school/laravel/football_championship/vendor/laravel/framework/src/Illuminate/Database/Connectors/Connector.php:66)
[stacktrace]
#0 /home/myst1o/dev/school/laravel/football_championship/vendor/laravel/framework/src/Illuminate/Database/Connectors/Connector.php(66): PDO->__construct()
#1 /home/myst1o/dev/school/laravel/football_championship/vendor/laravel/framework/src/Illuminate/Database/Connectors/Connector.php(44): Illuminate\\Database\\Connectors\\Connector->createPdoConnection()
#2 /home/myst1o/dev/school/laravel/football_championship/vendor/laravel/framework/src/Illuminate/Database/Connectors/MySqlConnector.php(24): Illuminate\\Database\\Connectors\\Connector->createConnection()
#3 /home/myst1o/dev/school/laravel/football_championship/vendor/laravel/framework/src/Illuminate/Database/Connectors/ConnectionFactory.php(185): Illuminate\\Database\\Connectors\\MySqlConnector->connect()
#4 [internal function]: Illuminate\\Database\\Connectors\\ConnectionFactory->Illuminate\\Database\\Connectors\\{closure}()
#5 /home/myst1o/dev/school/laravel/football_championship/vendor/laravel/framework/src/Illuminate/Database/Connection.php(1231): call_user_func()
#6 /home/myst1o/dev/school/laravel/football_championship/vendor/laravel/framework/src/Illuminate/Database/Connection.php(1267): Illuminate\\Database\\Connection->getPdo()
#7 /home/myst1o/dev/school/laravel/football_championship/vendor/laravel/framework/src/Illuminate/Database/Connection.php(512): Illuminate\\Database\\Connection->getReadPdo()
#8 /home/myst1o/dev/school/laravel/football_championship/vendor/laravel/framework/src/Illuminate/Database/Connection.php(407): Illuminate\\Database\\Connection->getPdoForSelect()
#9 /home/myst1o/dev/school/laravel/football_championship/vendor/laravel/framework/src/Illuminate/Database/Connection.php(812): Illuminate\\Database\\Connection->Illuminate\\Database\\{closure}()
#10 /home/myst1o/dev/school/laravel/football_championship/vendor/laravel/framework/src/Illuminate/Database/Connection.php(779): Illuminate\\Database\\Connection->runQueryCallback()
#11 /home/myst1o/dev/school/laravel/football_championship/vendor/laravel/framework/src/Illuminate/Database/Connection.php(398): Illuminate\\Database\\Connection->run()
#12 /home/myst1o/dev/school/laravel/football_championship/vendor/laravel/framework/src/Illuminate/Database/Query/Builder.php(3133): Illuminate\\Database\\Connection->select()
#13 /home/myst1o/dev/school/laravel/football_championship/vendor/laravel/framework/src/Illuminate/Database/Query/Builder.php(3118): Illuminate\\Database\\Query\\Builder->runSelect()
#14 /home/myst1o/dev/school/laravel/football_championship/vendor/laravel/framework/src/Illuminate/Database/Query/Builder.php(3706): Illuminate\\Database\\Query\\Builder->Illuminate\\Database\\Query\\{closure}()
#15 /home/myst1o/dev/school/laravel/football_championship/vendor/laravel/framework/src/Illuminate/Database/Query/Builder.php(3117): Illuminate\\Database\\Query\\Builder->onceWithColumns()
#16 /home/myst1o/dev/school/laravel/football_championship/vendor/laravel/framework/src/Illuminate/Database/Concerns/BuildsQueries.php(344): Illuminate\\Database\\Query\\Builder->get()
#17 /home/myst1o/dev/school/laravel/football_championship/vendor/laravel/framework/src/Illuminate/Database/Query/Builder.php(3038): Illuminate\\Database\\Query\\Builder->first()
#18 /home/myst1o/dev/school/laravel/football_championship/vendor/laravel/framework/src/Illuminate/Session/DatabaseSessionHandler.php(97): Illuminate\\Database\\Query\\Builder->find()
#19 /home/myst1o/dev/school/laravel/football_championship/vendor/laravel/framework/src/Illuminate/Session/Store.php(113): Illuminate\\Session\\DatabaseSessionHandler->read()
#20 /home/myst1o/dev/school/laravel/football_championship/vendor/laravel/framework/src/Illuminate/Session/Store.php(101): Illuminate\\Session\\Store->readFromHandler()
#21 /home/myst1o/dev/school/laravel/football_championship/vendor/laravel/framework/src/Illuminate/Session/Store.php(85): Illuminate\\Session\\Store->loadSession()
#22 /home/myst1o/dev/school/laravel/football_championship/vendor/laravel/framework/src/Illuminate/Session/Middleware/StartSession.php(147): Illuminate\\Session\\Store->start()
#23 /home/myst1o/dev/school/laravel/football_championship/vendor/laravel/framework/src/Illuminate/Support/helpers.php(380): Illuminate\\Session\\Middleware\\StartSession->Illuminate\\Session\\Middleware\\{closure}()
#24 /home/myst1o/dev/school/laravel/football_championship/vendor/laravel/framework/src/Illuminate/Session/Middleware/StartSession.php(144): tap()
#25 /home/myst1o/dev/school/laravel/football_championship/vendor/laravel/framework/src/Illuminate/Session/Middleware/StartSession.php(116): Illuminate\\Session\\Middleware\\StartSession->startSession()
#26 /home/myst1o/dev/school/laravel/football_championship/vendor/laravel/framework/src/Illuminate/Session/Middleware/StartSession.php(64): Illuminate\\Session\\Middleware\\StartSession->handleStatefulRequest()
#27 /home/myst1o/dev/school/laravel/football_championship/vendor/laravel/framework/src/Illuminate/Pipeline/Pipeline.php(183): Illuminate\\Session\\Middleware\\StartSession->handle()
#28 /home/myst1o/dev/school/laravel/football_championship/vendor/laravel/framework/src/Illuminate/Cookie/Middleware/AddQueuedCookiesToResponse.php(37): Illuminate\\Pipeline\\Pipeline->Illuminate\\Pipeline\\{closure}()
#29 /home/myst1o/dev/school/laravel/football_championship/vendor/laravel/framework/src/Illuminate/Pipeline/Pipeline.php(183): Illuminate\\Cookie\\Middleware\\AddQueuedCookiesToResponse->handle()
#30 /home/myst1o/dev/school/laravel/football_championship/vendor/laravel/framework/src/Illuminate/Cookie/Middleware/EncryptCookies.php(75): Illuminate\\Pipeline\\Pipeline->Illuminate\\Pipeline\\{closure}()
#31 /home/myst1o/dev/school/laravel/football_championship/vendor/laravel/framework/src/Illuminate/Pipeline/Pipeline.php(183): Illuminate\\Cookie\\Middleware\\EncryptCookies->handle()
#32 /home/myst1o/dev/school/laravel/football_championship/vendor/laravel/framework/src/Illuminate/Pipeline/Pipeline.php(119): Illuminate\\Pipeline\\Pipeline->Illuminate\\Pipeline\\{closure}()
#33 /home/myst1o/dev/school/laravel/football_championship/vendor/laravel/framework/src/Illuminate/Routing/Router.php(807): Illuminate\\Pipeline\\Pipeline->then()
#34 /home/myst1o/dev/school/laravel/football_championship/vendor/laravel/framework/src/Illuminate/Routing/Router.php(786): Illuminate\\Routing\\Router->runRouteWithinStack()
#35 /home/myst1o/dev/school/laravel/football_championship/vendor/laravel/framework/src/Illuminate/Routing/Router.php(750): Illuminate\\Routing\\Router->runRoute()
#36 /home/myst1o/dev/school/laravel/football_championship/vendor/laravel/framework/src/Illuminate/Routing/Router.php(739): Illuminate\\Routing\\Router->dispatchToRoute()
#37 /home/myst1o/dev/school/laravel/football_championship/vendor/laravel/framework/src/Illuminate/Foundation/Http/Kernel.php(201): Illuminate\\Routing\\Router->dispatch()
#38 /home/myst1o/dev/school/laravel/football_championship/vendor/laravel/framework/src/Illuminate/Pipeline/Pipeline.php(144): Illuminate\\Foundation\\Http\\Kernel->Illuminate\\Foundation\\Http\\{closure}()
#39 /home/myst1o/dev/school/laravel/football_championship/vendor/laravel/framework/src/Illuminate/Foundation/Http/Middleware/TransformsRequest.php(21): Illuminate\\Pipeline\\Pipeline->Illuminate\\Pipeline\\{closure}()
#40 /home/myst1o/dev/school/laravel/football_championship/vendor/laravel/framework/src/Illuminate/Foundation/Http/Middleware/ConvertEmptyStringsToNull.php(31): Illuminate\\Foundation\\Http\\Middleware\\TransformsRequest->handle()
#41 /home/myst1o/dev/school/laravel/football_championship/vendor/laravel/framework/src/Illuminate/Pipeline/Pipeline.php(183): Illuminate\\Foundation\\Http\\Middleware\\ConvertEmptyStringsToNull->handle()
#42 /home/myst1o/dev/school/laravel/football_championship/vendor/laravel/framework/src/Illuminate/Foundation/Http/Middleware/TransformsRequest.php(21): Illuminate\\Pipeline\\Pipeline->Illuminate\\Pipeline\\{closure}()
#43 /home/myst1o/dev/school/laravel/football_championship/vendor/laravel/framework/src/Illuminate/Foundation/Http/Middleware/TrimStrings.php(51): Illuminate\\Foundation\\Http\\Middleware\\TransformsRequest->handle()
#44 /home/myst1o/dev/school/laravel/football_championship/vendor/laravel/framework/src/Illuminate/Pipeline/Pipeline.php(183): Illuminate\\Foundation\\Http\\Middleware\\TrimStrings->handle()
#45 /home/myst1o/dev/school/laravel/football_championship/vendor/laravel/framework/src/Illuminate/Http/Middleware/ValidatePostSize.php(27): Illuminate\\Pipeline\\Pipeline->Illuminate\\Pipeline\\{closure}()
#46 /home/myst1o/dev/school/laravel/football_championship/vendor/laravel/framework/src/Illuminate/Pipeline/Pipeline.php(183): Illuminate\\Http\\Middleware\\ValidatePostSize->handle()
#47 /home/myst1o/dev/school/laravel/football_championship/vendor/laravel/framework/src/Illuminate/Foundation/Http/Middleware/PreventRequestsDuringMaintenance.php(110): Illuminate\\Pipeline\\Pipeline->Illuminate\\Pipeline\\{closure}()
#48 /home/myst1o/dev/school/laravel/football_championship/vendor/laravel/framework/src/Illuminate/Pipeline/Pipeline.php(183): Illuminate\\Foundation\\Http\\Middleware\\PreventRequestsDuringMaintenance->handle()
#49 /home/myst1o/dev/school/laravel/football_championship/vendor/laravel/framework/src/Illuminate/Http/Middleware/HandleCors.php(49): Illuminate\\Pipeline\\Pipeline->Illuminate\\Pipeline\\{closure}()
#50 /home/myst1o/dev/school/laravel/football_championship/vendor/laravel/framework/src/Illuminate/Pipeline/Pipeline.php(183): Illuminate\\Http\\Middleware\\HandleCors->handle()
#51 /home/myst1o/dev/school/laravel/football_championship/vendor/laravel/framework/src/Illuminate/Http/Middleware/TrustProxies.php(58): Illuminate\\Pipeline\\Pipeline->Illuminate\\Pipeline\\{closure}()
#52 /home/myst1o/dev/school/laravel/football_championship/vendor/laravel/framework/src/Illuminate/Pipeline/Pipeline.php(183): Illuminate\\Http\\Middleware\\TrustProxies->handle()
#53 /home/myst1o/dev/school/laravel/football_championship/vendor/laravel/framework/src/Illuminate/Foundation/Http/Middleware/InvokeDeferredCallbacks.php(22): Illuminate\\Pipeline\\Pipeline->Illuminate\\Pipeline\\{closure}()
#54 /home/myst1o/dev/school/laravel/football_championship/vendor/laravel/framework/src/Illuminate/Pipeline/Pipeline.php(183): Illuminate\\Foundation\\Http\\Middleware\\InvokeDeferredCallbacks->handle()
#55 /home/myst1o/dev/school/laravel/football_championship/vendor/laravel/framework/src/Illuminate/Pipeline/Pipeline.php(119): Illuminate\\Pipeline\\Pipeline->Illuminate\\Pipeline\\{closure}()
#56 /home/myst1o/dev/school/laravel/football_championship/vendor/laravel/framework/src/Illuminate/Foundation/Http/Kernel.php(176): Illuminate\\Pipeline\\Pipeline->then()
#57 /home/myst1o/dev/school/laravel/football_championship/vendor/laravel/framework/src/Illuminate/Foundation/Http/Kernel.php(145): Illuminate\\Foundation\\Http\\Kernel->sendRequestThroughRouter()
#58 /home/myst1o/dev/school/laravel/football_championship/vendor/laravel/framework/src/Illuminate/Foundation/Application.php(1190): Illuminate\\Foundation\\Http\\Kernel->handle()
#59 /home/myst1o/dev/school/laravel/football_championship/public/index.php(17): Illuminate\\Foundation\\Application->handleRequest()
#60 /home/myst1o/dev/school/laravel/football_championship/vendor/laravel/framework/src/Illuminate/Foundation/resources/server.php(23): require_once('...')
#61 {main}
"} 
[2024-11-26 09:28:30] local.ERROR: SQLSTATE[HY000]: General error: 1005 Can't create table `football_championship`.`player_models` (errno: 150 "Foreign key constraint is incorrectly formed") (Connection: mysql, SQL: alter table `player_models` add constraint `player_models_team_id_foreign` foreign key (`team_id`) references `team` (`id`)) {"exception":"[object] (Illuminate\\Database\\QueryException(code: HY000): SQLSTATE[HY000]: General error: 1005 Can't create table `football_championship`.`player_models` (errno: 150 \"Foreign key constraint is incorrectly formed\") (Connection: mysql, SQL: alter table `player_models` add constraint `player_models_team_id_foreign` foreign key (`team_id`) references `team` (`id`)) at /home/myst1o/dev/school/laravel/football_championship/vendor/laravel/framework/src/Illuminate/Database/Connection.php:825)
[stacktrace]
#0 /home/myst1o/dev/school/laravel/football_championship/vendor/laravel/framework/src/Illuminate/Database/Connection.php(779): Illuminate\\Database\\Connection->runQueryCallback()
#1 /home/myst1o/dev/school/laravel/football_championship/vendor/laravel/framework/src/Illuminate/Database/Connection.php(560): Illuminate\\Database\\Connection->run()
#2 /home/myst1o/dev/school/laravel/football_championship/vendor/laravel/framework/src/Illuminate/Database/Schema/Blueprint.php(117): Illuminate\\Database\\Connection->statement()
#3 /home/myst1o/dev/school/laravel/football_championship/vendor/laravel/framework/src/Illuminate/Database/Schema/Builder.php(564): Illuminate\\Database\\Schema\\Blueprint->build()
#4 /home/myst1o/dev/school/laravel/football_championship/vendor/laravel/framework/src/Illuminate/Database/Schema/Builder.php(418): Illuminate\\Database\\Schema\\Builder->build()
#5 /home/myst1o/dev/school/laravel/football_championship/vendor/laravel/framework/src/Illuminate/Support/Facades/Facade.php(358): Illuminate\\Database\\Schema\\Builder->create()
#6 /home/myst1o/dev/school/laravel/football_championship/database/migrations/2024_11_26_092429_create_player_table.php(14): Illuminate\\Support\\Facades\\Facade::__callStatic()
#7 /home/myst1o/dev/school/laravel/football_championship/vendor/laravel/framework/src/Illuminate/Database/Migrations/Migrator.php(476): Illuminate\\Database\\Migrations\\Migration@anonymous->up()
#8 /home/myst1o/dev/school/laravel/football_championship/vendor/laravel/framework/src/Illuminate/Database/Migrations/Migrator.php(401): Illuminate\\Database\\Migrations\\Migrator->runMethod()
#9 /home/myst1o/dev/school/laravel/football_championship/vendor/laravel/framework/src/Illuminate/Database/Migrations/Migrator.php(410): Illuminate\\Database\\Migrations\\Migrator->Illuminate\\Database\\Migrations\\{closure}()
#10 /home/myst1o/dev/school/laravel/football_championship/vendor/laravel/framework/src/Illuminate/Database/Migrations/Migrator.php(213): Illuminate\\Database\\Migrations\\Migrator->runMigration()
#11 /home/myst1o/dev/school/laravel/football_championship/vendor/laravel/framework/src/Illuminate/Console/View/Components/Task.php(40): Illuminate\\Database\\Migrations\\Migrator->Illuminate\\Database\\Migrations\\{closure}()
#12 /home/myst1o/dev/school/laravel/football_championship/vendor/laravel/framework/src/Illuminate/Database/Migrations/Migrator.php(737): Illuminate\\Console\\View\\Components\\Task->render()
#13 /home/myst1o/dev/school/laravel/football_championship/vendor/laravel/framework/src/Illuminate/Database/Migrations/Migrator.php(213): Illuminate\\Database\\Migrations\\Migrator->write()
#14 /home/myst1o/dev/school/laravel/football_championship/vendor/laravel/framework/src/Illuminate/Database/Migrations/Migrator.php(180): Illuminate\\Database\\Migrations\\Migrator->runUp()
#15 /home/myst1o/dev/school/laravel/football_championship/vendor/laravel/framework/src/Illuminate/Database/Migrations/Migrator.php(123): Illuminate\\Database\\Migrations\\Migrator->runPending()
#16 /home/myst1o/dev/school/laravel/football_championship/vendor/laravel/framework/src/Illuminate/Database/Console/Migrations/MigrateCommand.php(116): Illuminate\\Database\\Migrations\\Migrator->run()
#17 /home/myst1o/dev/school/laravel/football_championship/vendor/laravel/framework/src/Illuminate/Database/Migrations/Migrator.php(616): Illuminate\\Database\\Console\\Migrations\\MigrateCommand->Illuminate\\Database\\Console\\Migrations\\{closure}()
#18 /home/myst1o/dev/school/laravel/football_championship/vendor/laravel/framework/src/Illuminate/Database/Console/Migrations/MigrateCommand.php(109): Illuminate\\Database\\Migrations\\Migrator->usingConnection()
#19 /home/myst1o/dev/school/laravel/football_championship/vendor/laravel/framework/src/Illuminate/Database/Console/Migrations/MigrateCommand.php(88): Illuminate\\Database\\Console\\Migrations\\MigrateCommand->runMigrations()
#20 /home/myst1o/dev/school/laravel/football_championship/vendor/laravel/framework/src/Illuminate/Container/BoundMethod.php(36): Illuminate\\Database\\Console\\Migrations\\MigrateCommand->handle()
#21 /home/myst1o/dev/school/laravel/football_championship/vendor/laravel/framework/src/Illuminate/Container/Util.php(43): Illuminate\\Container\\BoundMethod::Illuminate\\Container\\{closure}()
#22 /home/myst1o/dev/school/laravel/football_championship/vendor/laravel/framework/src/Illuminate/Container/BoundMethod.php(95): Illuminate\\Container\\Util::unwrapIfClosure()
#23 /home/myst1o/dev/school/laravel/football_championship/vendor/laravel/framework/src/Illuminate/Container/BoundMethod.php(35): Illuminate\\Container\\BoundMethod::callBoundMethod()
#24 /home/myst1o/dev/school/laravel/football_championship/vendor/laravel/framework/src/Illuminate/Container/Container.php(690): Illuminate\\Container\\BoundMethod::call()
#25 /home/myst1o/dev/school/laravel/football_championship/vendor/laravel/framework/src/Illuminate/Console/Command.php(213): Illuminate\\Container\\Container->call()
#26 /home/myst1o/dev/school/laravel/football_championship/vendor/symfony/console/Command/Command.php(279): Illuminate\\Console\\Command->execute()
#27 /home/myst1o/dev/school/laravel/football_championship/vendor/laravel/framework/src/Illuminate/Console/Command.php(182): Symfony\\Component\\Console\\Command\\Command->run()
#28 /home/myst1o/dev/school/laravel/football_championship/vendor/symfony/console/Application.php(1047): Illuminate\\Console\\Command->run()
#29 /home/myst1o/dev/school/laravel/football_championship/vendor/symfony/console/Application.php(316): Symfony\\Component\\Console\\Application->doRunCommand()
#30 /home/myst1o/dev/school/laravel/football_championship/vendor/symfony/console/Application.php(167): Symfony\\Component\\Console\\Application->doRun()
#31 /home/myst1o/dev/school/laravel/football_championship/vendor/laravel/framework/src/Illuminate/Foundation/Console/Kernel.php(197): Symfony\\Component\\Console\\Application->run()
#32 /home/myst1o/dev/school/laravel/football_championship/vendor/laravel/framework/src/Illuminate/Foundation/Application.php(1205): Illuminate\\Foundation\\Console\\Kernel->handle()
#33 /home/myst1o/dev/school/laravel/football_championship/artisan(13): Illuminate\\Foundation\\Application->handleCommand()
#34 {main}

[previous exception] [object] (PDOException(code: HY000): SQLSTATE[HY000]: General error: 1005 Can't create table `football_championship`.`player_models` (errno: 150 \"Foreign key constraint is incorrectly formed\") at /home/myst1o/dev/school/laravel/football_championship/vendor/laravel/framework/src/Illuminate/Database/Connection.php:571)
[stacktrace]
#0 /home/myst1o/dev/school/laravel/football_championship/vendor/laravel/framework/src/Illuminate/Database/Connection.php(571): PDOStatement->execute()
#1 /home/myst1o/dev/school/laravel/football_championship/vendor/laravel/framework/src/Illuminate/Database/Connection.php(812): Illuminate\\Database\\Connection->Illuminate\\Database\\{closure}()
#2 /home/myst1o/dev/school/laravel/football_championship/vendor/laravel/framework/src/Illuminate/Database/Connection.php(779): Illuminate\\Database\\Connection->runQueryCallback()
#3 /home/myst1o/dev/school/laravel/football_championship/vendor/laravel/framework/src/Illuminate/Database/Connection.php(560): Illuminate\\Database\\Connection->run()
#4 /home/myst1o/dev/school/laravel/football_championship/vendor/laravel/framework/src/Illuminate/Database/Schema/Blueprint.php(117): Illuminate\\Database\\Connection->statement()
#5 /home/myst1o/dev/school/laravel/football_championship/vendor/laravel/framework/src/Illuminate/Database/Schema/Builder.php(564): Illuminate\\Database\\Schema\\Blueprint->build()
#6 /home/myst1o/dev/school/laravel/football_championship/vendor/laravel/framework/src/Illuminate/Database/Schema/Builder.php(418): Illuminate\\Database\\Schema\\Builder->build()
#7 /home/myst1o/dev/school/laravel/football_championship/vendor/laravel/framework/src/Illuminate/Support/Facades/Facade.php(358): Illuminate\\Database\\Schema\\Builder->create()
#8 /home/myst1o/dev/school/laravel/football_championship/database/migrations/2024_11_26_092429_create_player_table.php(14): Illuminate\\Support\\Facades\\Facade::__callStatic()
#9 /home/myst1o/dev/school/laravel/football_championship/vendor/laravel/framework/src/Illuminate/Database/Migrations/Migrator.php(476): Illuminate\\Database\\Migrations\\Migration@anonymous->up()
#10 /home/myst1o/dev/school/laravel/football_championship/vendor/laravel/framework/src/Illuminate/Database/Migrations/Migrator.php(401): Illuminate\\Database\\Migrations\\Migrator->runMethod()
#11 /home/myst1o/dev/school/laravel/football_championship/vendor/laravel/framework/src/Illuminate/Database/Migrations/Migrator.php(410): Illuminate\\Database\\Migrations\\Migrator->Illuminate\\Database\\Migrations\\{closure}()
#12 /home/myst1o/dev/school/laravel/football_championship/vendor/laravel/framework/src/Illuminate/Database/Migrations/Migrator.php(213): Illuminate\\Database\\Migrations\\Migrator->runMigration()
#13 /home/myst1o/dev/school/laravel/football_championship/vendor/laravel/framework/src/Illuminate/Console/View/Components/Task.php(40): Illuminate\\Database\\Migrations\\Migrator->Illuminate\\Database\\Migrations\\{closure}()
#14 /home/myst1o/dev/school/laravel/football_championship/vendor/laravel/framework/src/Illuminate/Database/Migrations/Migrator.php(737): Illuminate\\Console\\View\\Components\\Task->render()
#15 /home/myst1o/dev/school/laravel/football_championship/vendor/laravel/framework/src/Illuminate/Database/Migrations/Migrator.php(213): Illuminate\\Database\\Migrations\\Migrator->write()
#16 /home/myst1o/dev/school/laravel/football_championship/vendor/laravel/framework/src/Illuminate/Database/Migrations/Migrator.php(180): Illuminate\\Database\\Migrations\\Migrator->runUp()
#17 /home/myst1o/dev/school/laravel/football_championship/vendor/laravel/framework/src/Illuminate/Database/Migrations/Migrator.php(123): Illuminate\\Database\\Migrations\\Migrator->runPending()
#18 /home/myst1o/dev/school/laravel/football_championship/vendor/laravel/framework/src/Illuminate/Database/Console/Migrations/MigrateCommand.php(116): Illuminate\\Database\\Migrations\\Migrator->run()
#19 /home/myst1o/dev/school/laravel/football_championship/vendor/laravel/framework/src/Illuminate/Database/Migrations/Migrator.php(616): Illuminate\\Database\\Console\\Migrations\\MigrateCommand->Illuminate\\Database\\Console\\Migrations\\{closure}()
#20 /home/myst1o/dev/school/laravel/football_championship/vendor/laravel/framework/src/Illuminate/Database/Console/Migrations/MigrateCommand.php(109): Illuminate\\Database\\Migrations\\Migrator->usingConnection()
#21 /home/myst1o/dev/school/laravel/football_championship/vendor/laravel/framework/src/Illuminate/Database/Console/Migrations/MigrateCommand.php(88): Illuminate\\Database\\Console\\Migrations\\MigrateCommand->runMigrations()
#22 /home/myst1o/dev/school/laravel/football_championship/vendor/laravel/framework/src/Illuminate/Container/BoundMethod.php(36): Illuminate\\Database\\Console\\Migrations\\MigrateCommand->handle()
#23 /home/myst1o/dev/school/laravel/football_championship/vendor/laravel/framework/src/Illuminate/Container/Util.php(43): Illuminate\\Container\\BoundMethod::Illuminate\\Container\\{closure}()
#24 /home/myst1o/dev/school/laravel/football_championship/vendor/laravel/framework/src/Illuminate/Container/BoundMethod.php(95): Illuminate\\Container\\Util::unwrapIfClosure()
#25 /home/myst1o/dev/school/laravel/football_championship/vendor/laravel/framework/src/Illuminate/Container/BoundMethod.php(35): Illuminate\\Container\\BoundMethod::callBoundMethod()
#26 /home/myst1o/dev/school/laravel/football_championship/vendor/laravel/framework/src/Illuminate/Container/Container.php(690): Illuminate\\Container\\BoundMethod::call()
#27 /home/myst1o/dev/school/laravel/football_championship/vendor/laravel/framework/src/Illuminate/Console/Command.php(213): Illuminate\\Container\\Container->call()
#28 /home/myst1o/dev/school/laravel/football_championship/vendor/symfony/console/Command/Command.php(279): Illuminate\\Console\\Command->execute()
#29 /home/myst1o/dev/school/laravel/football_championship/vendor/laravel/framework/src/Illuminate/Console/Command.php(182): Symfony\\Component\\Console\\Command\\Command->run()
#30 /home/myst1o/dev/school/laravel/football_championship/vendor/symfony/console/Application.php(1047): Illuminate\\Console\\Command->run()
#31 /home/myst1o/dev/school/laravel/football_championship/vendor/symfony/console/Application.php(316): Symfony\\Component\\Console\\Application->doRunCommand()
#32 /home/myst1o/dev/school/laravel/football_championship/vendor/symfony/console/Application.php(167): Symfony\\Component\\Console\\Application->doRun()
#33 /home/myst1o/dev/school/laravel/football_championship/vendor/laravel/framework/src/Illuminate/Foundation/Console/Kernel.php(197): Symfony\\Component\\Console\\Application->run()
#34 /home/myst1o/dev/school/laravel/football_championship/vendor/laravel/framework/src/Illuminate/Foundation/Application.php(1205): Illuminate\\Foundation\\Console\\Kernel->handle()
#35 /home/myst1o/dev/school/laravel/football_championship/artisan(13): Illuminate\\Foundation\\Application->handleCommand()
#36 {main}
"} 
[2024-11-26 09:28:34] local.ERROR: SQLSTATE[HY000]: General error: 1005 Can't create table `football_championship`.`player_models` (errno: 150 "Foreign key constraint is incorrectly formed") (Connection: mysql, SQL: alter table `player_models` add constraint `player_models_team_id_foreign` foreign key (`team_id`) references `team` (`id`)) {"exception":"[object] (Illuminate\\Database\\QueryException(code: HY000): SQLSTATE[HY000]: General error: 1005 Can't create table `football_championship`.`player_models` (errno: 150 \"Foreign key constraint is incorrectly formed\") (Connection: mysql, SQL: alter table `player_models` add constraint `player_models_team_id_foreign` foreign key (`team_id`) references `team` (`id`)) at /home/myst1o/dev/school/laravel/football_championship/vendor/laravel/framework/src/Illuminate/Database/Connection.php:825)
[stacktrace]
#0 /home/myst1o/dev/school/laravel/football_championship/vendor/laravel/framework/src/Illuminate/Database/Connection.php(779): Illuminate\\Database\\Connection->runQueryCallback()
#1 /home/myst1o/dev/school/laravel/football_championship/vendor/laravel/framework/src/Illuminate/Database/Connection.php(560): Illuminate\\Database\\Connection->run()
#2 /home/myst1o/dev/school/laravel/football_championship/vendor/laravel/framework/src/Illuminate/Database/Schema/Blueprint.php(117): Illuminate\\Database\\Connection->statement()
#3 /home/myst1o/dev/school/laravel/football_championship/vendor/laravel/framework/src/Illuminate/Database/Schema/Builder.php(564): Illuminate\\Database\\Schema\\Blueprint->build()
#4 /home/myst1o/dev/school/laravel/football_championship/vendor/laravel/framework/src/Illuminate/Database/Schema/Builder.php(418): Illuminate\\Database\\Schema\\Builder->build()
#5 /home/myst1o/dev/school/laravel/football_championship/vendor/laravel/framework/src/Illuminate/Support/Facades/Facade.php(358): Illuminate\\Database\\Schema\\Builder->create()
#6 /home/myst1o/dev/school/laravel/football_championship/database/migrations/2024_11_26_092429_create_player_table.php(14): Illuminate\\Support\\Facades\\Facade::__callStatic()
#7 /home/myst1o/dev/school/laravel/football_championship/vendor/laravel/framework/src/Illuminate/Database/Migrations/Migrator.php(476): Illuminate\\Database\\Migrations\\Migration@anonymous->up()
#8 /home/myst1o/dev/school/laravel/football_championship/vendor/laravel/framework/src/Illuminate/Database/Migrations/Migrator.php(401): Illuminate\\Database\\Migrations\\Migrator->runMethod()
#9 /home/myst1o/dev/school/laravel/football_championship/vendor/laravel/framework/src/Illuminate/Database/Migrations/Migrator.php(410): Illuminate\\Database\\Migrations\\Migrator->Illuminate\\Database\\Migrations\\{closure}()
#10 /home/myst1o/dev/school/laravel/football_championship/vendor/laravel/framework/src/Illuminate/Database/Migrations/Migrator.php(213): Illuminate\\Database\\Migrations\\Migrator->runMigration()
#11 /home/myst1o/dev/school/laravel/football_championship/vendor/laravel/framework/src/Illuminate/Console/View/Components/Task.php(40): Illuminate\\Database\\Migrations\\Migrator->Illuminate\\Database\\Migrations\\{closure}()
#12 /home/myst1o/dev/school/laravel/football_championship/vendor/laravel/framework/src/Illuminate/Database/Migrations/Migrator.php(737): Illuminate\\Console\\View\\Components\\Task->render()
#13 /home/myst1o/dev/school/laravel/football_championship/vendor/laravel/framework/src/Illuminate/Database/Migrations/Migrator.php(213): Illuminate\\Database\\Migrations\\Migrator->write()
#14 /home/myst1o/dev/school/laravel/football_championship/vendor/laravel/framework/src/Illuminate/Database/Migrations/Migrator.php(180): Illuminate\\Database\\Migrations\\Migrator->runUp()
#15 /home/myst1o/dev/school/laravel/football_championship/vendor/laravel/framework/src/Illuminate/Database/Migrations/Migrator.php(123): Illuminate\\Database\\Migrations\\Migrator->runPending()
#16 /home/myst1o/dev/school/laravel/football_championship/vendor/laravel/framework/src/Illuminate/Database/Console/Migrations/MigrateCommand.php(116): Illuminate\\Database\\Migrations\\Migrator->run()
#17 /home/myst1o/dev/school/laravel/football_championship/vendor/laravel/framework/src/Illuminate/Database/Migrations/Migrator.php(616): Illuminate\\Database\\Console\\Migrations\\MigrateCommand->Illuminate\\Database\\Console\\Migrations\\{closure}()
#18 /home/myst1o/dev/school/laravel/football_championship/vendor/laravel/framework/src/Illuminate/Database/Console/Migrations/MigrateCommand.php(109): Illuminate\\Database\\Migrations\\Migrator->usingConnection()
#19 /home/myst1o/dev/school/laravel/football_championship/vendor/laravel/framework/src/Illuminate/Database/Console/Migrations/MigrateCommand.php(88): Illuminate\\Database\\Console\\Migrations\\MigrateCommand->runMigrations()
#20 /home/myst1o/dev/school/laravel/football_championship/vendor/laravel/framework/src/Illuminate/Container/BoundMethod.php(36): Illuminate\\Database\\Console\\Migrations\\MigrateCommand->handle()
#21 /home/myst1o/dev/school/laravel/football_championship/vendor/laravel/framework/src/Illuminate/Container/Util.php(43): Illuminate\\Container\\BoundMethod::Illuminate\\Container\\{closure}()
#22 /home/myst1o/dev/school/laravel/football_championship/vendor/laravel/framework/src/Illuminate/Container/BoundMethod.php(95): Illuminate\\Container\\Util::unwrapIfClosure()
#23 /home/myst1o/dev/school/laravel/football_championship/vendor/laravel/framework/src/Illuminate/Container/BoundMethod.php(35): Illuminate\\Container\\BoundMethod::callBoundMethod()
#24 /home/myst1o/dev/school/laravel/football_championship/vendor/laravel/framework/src/Illuminate/Container/Container.php(690): Illuminate\\Container\\BoundMethod::call()
#25 /home/myst1o/dev/school/laravel/football_championship/vendor/laravel/framework/src/Illuminate/Console/Command.php(213): Illuminate\\Container\\Container->call()
#26 /home/myst1o/dev/school/laravel/football_championship/vendor/symfony/console/Command/Command.php(279): Illuminate\\Console\\Command->execute()
#27 /home/myst1o/dev/school/laravel/football_championship/vendor/laravel/framework/src/Illuminate/Console/Command.php(182): Symfony\\Component\\Console\\Command\\Command->run()
#28 /home/myst1o/dev/school/laravel/football_championship/vendor/laravel/framework/src/Illuminate/Console/Concerns/CallsCommands.php(67): Illuminate\\Console\\Command->run()
#29 /home/myst1o/dev/school/laravel/football_championship/vendor/laravel/framework/src/Illuminate/Console/Concerns/CallsCommands.php(28): Illuminate\\Console\\Command->runCommand()
#30 /home/myst1o/dev/school/laravel/football_championship/vendor/laravel/framework/src/Illuminate/Database/Console/Migrations/FreshCommand.php(82): Illuminate\\Console\\Command->call()
#31 /home/myst1o/dev/school/laravel/football_championship/vendor/laravel/framework/src/Illuminate/Container/BoundMethod.php(36): Illuminate\\Database\\Console\\Migrations\\FreshCommand->handle()
#32 /home/myst1o/dev/school/laravel/football_championship/vendor/laravel/framework/src/Illuminate/Container/Util.php(43): Illuminate\\Container\\BoundMethod::Illuminate\\Container\\{closure}()
#33 /home/myst1o/dev/school/laravel/football_championship/vendor/laravel/framework/src/Illuminate/Container/BoundMethod.php(95): Illuminate\\Container\\Util::unwrapIfClosure()
#34 /home/myst1o/dev/school/laravel/football_championship/vendor/laravel/framework/src/Illuminate/Container/BoundMethod.php(35): Illuminate\\Container\\BoundMethod::callBoundMethod()
#35 /home/myst1o/dev/school/laravel/football_championship/vendor/laravel/framework/src/Illuminate/Container/Container.php(690): Illuminate\\Container\\BoundMethod::call()
#36 /home/myst1o/dev/school/laravel/football_championship/vendor/laravel/framework/src/Illuminate/Console/Command.php(213): Illuminate\\Container\\Container->call()
#37 /home/myst1o/dev/school/laravel/football_championship/vendor/symfony/console/Command/Command.php(279): Illuminate\\Console\\Command->execute()
#38 /home/myst1o/dev/school/laravel/football_championship/vendor/laravel/framework/src/Illuminate/Console/Command.php(182): Symfony\\Component\\Console\\Command\\Command->run()
#39 /home/myst1o/dev/school/laravel/football_championship/vendor/symfony/console/Application.php(1047): Illuminate\\Console\\Command->run()
#40 /home/myst1o/dev/school/laravel/football_championship/vendor/symfony/console/Application.php(316): Symfony\\Component\\Console\\Application->doRunCommand()
#41 /home/myst1o/dev/school/laravel/football_championship/vendor/symfony/console/Application.php(167): Symfony\\Component\\Console\\Application->doRun()
#42 /home/myst1o/dev/school/laravel/football_championship/vendor/laravel/framework/src/Illuminate/Foundation/Console/Kernel.php(197): Symfony\\Component\\Console\\Application->run()
#43 /home/myst1o/dev/school/laravel/football_championship/vendor/laravel/framework/src/Illuminate/Foundation/Application.php(1205): Illuminate\\Foundation\\Console\\Kernel->handle()
#44 /home/myst1o/dev/school/laravel/football_championship/artisan(13): Illuminate\\Foundation\\Application->handleCommand()
#45 {main}

[previous exception] [object] (PDOException(code: HY000): SQLSTATE[HY000]: General error: 1005 Can't create table `football_championship`.`player_models` (errno: 150 \"Foreign key constraint is incorrectly formed\") at /home/myst1o/dev/school/laravel/football_championship/vendor/laravel/framework/src/Illuminate/Database/Connection.php:571)
[stacktrace]
#0 /home/myst1o/dev/school/laravel/football_championship/vendor/laravel/framework/src/Illuminate/Database/Connection.php(571): PDOStatement->execute()
#1 /home/myst1o/dev/school/laravel/football_championship/vendor/laravel/framework/src/Illuminate/Database/Connection.php(812): Illuminate\\Database\\Connection->Illuminate\\Database\\{closure}()
#2 /home/myst1o/dev/school/laravel/football_championship/vendor/laravel/framework/src/Illuminate/Database/Connection.php(779): Illuminate\\Database\\Connection->runQueryCallback()
#3 /home/myst1o/dev/school/laravel/football_championship/vendor/laravel/framework/src/Illuminate/Database/Connection.php(560): Illuminate\\Database\\Connection->run()
#4 /home/myst1o/dev/school/laravel/football_championship/vendor/laravel/framework/src/Illuminate/Database/Schema/Blueprint.php(117): Illuminate\\Database\\Connection->statement()
#5 /home/myst1o/dev/school/laravel/football_championship/vendor/laravel/framework/src/Illuminate/Database/Schema/Builder.php(564): Illuminate\\Database\\Schema\\Blueprint->build()
#6 /home/myst1o/dev/school/laravel/football_championship/vendor/laravel/framework/src/Illuminate/Database/Schema/Builder.php(418): Illuminate\\Database\\Schema\\Builder->build()
#7 /home/myst1o/dev/school/laravel/football_championship/vendor/laravel/framework/src/Illuminate/Support/Facades/Facade.php(358): Illuminate\\Database\\Schema\\Builder->create()
#8 /home/myst1o/dev/school/laravel/football_championship/database/migrations/2024_11_26_092429_create_player_table.php(14): Illuminate\\Support\\Facades\\Facade::__callStatic()
#9 /home/myst1o/dev/school/laravel/football_championship/vendor/laravel/framework/src/Illuminate/Database/Migrations/Migrator.php(476): Illuminate\\Database\\Migrations\\Migration@anonymous->up()
#10 /home/myst1o/dev/school/laravel/football_championship/vendor/laravel/framework/src/Illuminate/Database/Migrations/Migrator.php(401): Illuminate\\Database\\Migrations\\Migrator->runMethod()
#11 /home/myst1o/dev/school/laravel/football_championship/vendor/laravel/framework/src/Illuminate/Database/Migrations/Migrator.php(410): Illuminate\\Database\\Migrations\\Migrator->Illuminate\\Database\\Migrations\\{closure}()
#12 /home/myst1o/dev/school/laravel/football_championship/vendor/laravel/framework/src/Illuminate/Database/Migrations/Migrator.php(213): Illuminate\\Database\\Migrations\\Migrator->runMigration()
#13 /home/myst1o/dev/school/laravel/football_championship/vendor/laravel/framework/src/Illuminate/Console/View/Components/Task.php(40): Illuminate\\Database\\Migrations\\Migrator->Illuminate\\Database\\Migrations\\{closure}()
#14 /home/myst1o/dev/school/laravel/football_championship/vendor/laravel/framework/src/Illuminate/Database/Migrations/Migrator.php(737): Illuminate\\Console\\View\\Components\\Task->render()
#15 /home/myst1o/dev/school/laravel/football_championship/vendor/laravel/framework/src/Illuminate/Database/Migrations/Migrator.php(213): Illuminate\\Database\\Migrations\\Migrator->write()
#16 /home/myst1o/dev/school/laravel/football_championship/vendor/laravel/framework/src/Illuminate/Database/Migrations/Migrator.php(180): Illuminate\\Database\\Migrations\\Migrator->runUp()
#17 /home/myst1o/dev/school/laravel/football_championship/vendor/laravel/framework/src/Illuminate/Database/Migrations/Migrator.php(123): Illuminate\\Database\\Migrations\\Migrator->runPending()
#18 /home/myst1o/dev/school/laravel/football_championship/vendor/laravel/framework/src/Illuminate/Database/Console/Migrations/MigrateCommand.php(116): Illuminate\\Database\\Migrations\\Migrator->run()
#19 /home/myst1o/dev/school/laravel/football_championship/vendor/laravel/framework/src/Illuminate/Database/Migrations/Migrator.php(616): Illuminate\\Database\\Console\\Migrations\\MigrateCommand->Illuminate\\Database\\Console\\Migrations\\{closure}()
#20 /home/myst1o/dev/school/laravel/football_championship/vendor/laravel/framework/src/Illuminate/Database/Console/Migrations/MigrateCommand.php(109): Illuminate\\Database\\Migrations\\Migrator->usingConnection()
#21 /home/myst1o/dev/school/laravel/football_championship/vendor/laravel/framework/src/Illuminate/Database/Console/Migrations/MigrateCommand.php(88): Illuminate\\Database\\Console\\Migrations\\MigrateCommand->runMigrations()
#22 /home/myst1o/dev/school/laravel/football_championship/vendor/laravel/framework/src/Illuminate/Container/BoundMethod.php(36): Illuminate\\Database\\Console\\Migrations\\MigrateCommand->handle()
#23 /home/myst1o/dev/school/laravel/football_championship/vendor/laravel/framework/src/Illuminate/Container/Util.php(43): Illuminate\\Container\\BoundMethod::Illuminate\\Container\\{closure}()
#24 /home/myst1o/dev/school/laravel/football_championship/vendor/laravel/framework/src/Illuminate/Container/BoundMethod.php(95): Illuminate\\Container\\Util::unwrapIfClosure()
#25 /home/myst1o/dev/school/laravel/football_championship/vendor/laravel/framework/src/Illuminate/Container/BoundMethod.php(35): Illuminate\\Container\\BoundMethod::callBoundMethod()
#26 /home/myst1o/dev/school/laravel/football_championship/vendor/laravel/framework/src/Illuminate/Container/Container.php(690): Illuminate\\Container\\BoundMethod::call()
#27 /home/myst1o/dev/school/laravel/football_championship/vendor/laravel/framework/src/Illuminate/Console/Command.php(213): Illuminate\\Container\\Container->call()
#28 /home/myst1o/dev/school/laravel/football_championship/vendor/symfony/console/Command/Command.php(279): Illuminate\\Console\\Command->execute()
#29 /home/myst1o/dev/school/laravel/football_championship/vendor/laravel/framework/src/Illuminate/Console/Command.php(182): Symfony\\Component\\Console\\Command\\Command->run()
#30 /home/myst1o/dev/school/laravel/football_championship/vendor/laravel/framework/src/Illuminate/Console/Concerns/CallsCommands.php(67): Illuminate\\Console\\Command->run()
#31 /home/myst1o/dev/school/laravel/football_championship/vendor/laravel/framework/src/Illuminate/Console/Concerns/CallsCommands.php(28): Illuminate\\Console\\Command->runCommand()
#32 /home/myst1o/dev/school/laravel/football_championship/vendor/laravel/framework/src/Illuminate/Database/Console/Migrations/FreshCommand.php(82): Illuminate\\Console\\Command->call()
#33 /home/myst1o/dev/school/laravel/football_championship/vendor/laravel/framework/src/Illuminate/Container/BoundMethod.php(36): Illuminate\\Database\\Console\\Migrations\\FreshCommand->handle()
#34 /home/myst1o/dev/school/laravel/football_championship/vendor/laravel/framework/src/Illuminate/Container/Util.php(43): Illuminate\\Container\\BoundMethod::Illuminate\\Container\\{closure}()
#35 /home/myst1o/dev/school/laravel/football_championship/vendor/laravel/framework/src/Illuminate/Container/BoundMethod.php(95): Illuminate\\Container\\Util::unwrapIfClosure()
#36 /home/myst1o/dev/school/laravel/football_championship/vendor/laravel/framework/src/Illuminate/Container/BoundMethod.php(35): Illuminate\\Container\\BoundMethod::callBoundMethod()
#37 /home/myst1o/dev/school/laravel/football_championship/vendor/laravel/framework/src/Illuminate/Container/Container.php(690): Illuminate\\Container\\BoundMethod::call()
#38 /home/myst1o/dev/school/laravel/football_championship/vendor/laravel/framework/src/Illuminate/Console/Command.php(213): Illuminate\\Container\\Container->call()
#39 /home/myst1o/dev/school/laravel/football_championship/vendor/symfony/console/Command/Command.php(279): Illuminate\\Console\\Command->execute()
#40 /home/myst1o/dev/school/laravel/football_championship/vendor/laravel/framework/src/Illuminate/Console/Command.php(182): Symfony\\Component\\Console\\Command\\Command->run()
#41 /home/myst1o/dev/school/laravel/football_championship/vendor/symfony/console/Application.php(1047): Illuminate\\Console\\Command->run()
#42 /home/myst1o/dev/school/laravel/football_championship/vendor/symfony/console/Application.php(316): Symfony\\Component\\Console\\Application->doRunCommand()
#43 /home/myst1o/dev/school/laravel/football_championship/vendor/symfony/console/Application.php(167): Symfony\\Component\\Console\\Application->doRun()
#44 /home/myst1o/dev/school/laravel/football_championship/vendor/laravel/framework/src/Illuminate/Foundation/Console/Kernel.php(197): Symfony\\Component\\Console\\Application->run()
#45 /home/myst1o/dev/school/laravel/football_championship/vendor/laravel/framework/src/Illuminate/Foundation/Application.php(1205): Illuminate\\Foundation\\Console\\Kernel->handle()
#46 /home/myst1o/dev/school/laravel/football_championship/artisan(13): Illuminate\\Foundation\\Application->handleCommand()
#47 {main}
"} 
[2024-11-26 09:29:20] local.ERROR: SQLSTATE[42S01]: Base table or view already exists: 1050 Table 'player_models' already exists (Connection: mysql, SQL: create table `player_models` (`id` bigint unsigned not null auto_increment primary key, `name` varchar(255) not null, `post` varchar(255) not null, `team_id` bigint unsigned not null, `created_at` timestamp null, `updated_at` timestamp null) default character set utf8mb4 collate 'utf8mb4_unicode_ci') {"exception":"[object] (Illuminate\\Database\\QueryException(code: 42S01): SQLSTATE[42S01]: Base table or view already exists: 1050 Table 'player_models' already exists (Connection: mysql, SQL: create table `player_models` (`id` bigint unsigned not null auto_increment primary key, `name` varchar(255) not null, `post` varchar(255) not null, `team_id` bigint unsigned not null, `created_at` timestamp null, `updated_at` timestamp null) default character set utf8mb4 collate 'utf8mb4_unicode_ci') at /home/myst1o/dev/school/laravel/football_championship/vendor/laravel/framework/src/Illuminate/Database/Connection.php:825)
[stacktrace]
#0 /home/myst1o/dev/school/laravel/football_championship/vendor/laravel/framework/src/Illuminate/Database/Connection.php(779): Illuminate\\Database\\Connection->runQueryCallback()
#1 /home/myst1o/dev/school/laravel/football_championship/vendor/laravel/framework/src/Illuminate/Database/Connection.php(560): Illuminate\\Database\\Connection->run()
#2 /home/myst1o/dev/school/laravel/football_championship/vendor/laravel/framework/src/Illuminate/Database/Schema/Blueprint.php(117): Illuminate\\Database\\Connection->statement()
#3 /home/myst1o/dev/school/laravel/football_championship/vendor/laravel/framework/src/Illuminate/Database/Schema/Builder.php(564): Illuminate\\Database\\Schema\\Blueprint->build()
#4 /home/myst1o/dev/school/laravel/football_championship/vendor/laravel/framework/src/Illuminate/Database/Schema/Builder.php(418): Illuminate\\Database\\Schema\\Builder->build()
#5 /home/myst1o/dev/school/laravel/football_championship/vendor/laravel/framework/src/Illuminate/Support/Facades/Facade.php(358): Illuminate\\Database\\Schema\\Builder->create()
#6 /home/myst1o/dev/school/laravel/football_championship/database/migrations/2024_11_26_092429_create_player_table.php(14): Illuminate\\Support\\Facades\\Facade::__callStatic()
#7 /home/myst1o/dev/school/laravel/football_championship/vendor/laravel/framework/src/Illuminate/Database/Migrations/Migrator.php(476): Illuminate\\Database\\Migrations\\Migration@anonymous->up()
#8 /home/myst1o/dev/school/laravel/football_championship/vendor/laravel/framework/src/Illuminate/Database/Migrations/Migrator.php(401): Illuminate\\Database\\Migrations\\Migrator->runMethod()
#9 /home/myst1o/dev/school/laravel/football_championship/vendor/laravel/framework/src/Illuminate/Database/Migrations/Migrator.php(410): Illuminate\\Database\\Migrations\\Migrator->Illuminate\\Database\\Migrations\\{closure}()
#10 /home/myst1o/dev/school/laravel/football_championship/vendor/laravel/framework/src/Illuminate/Database/Migrations/Migrator.php(213): Illuminate\\Database\\Migrations\\Migrator->runMigration()
#11 /home/myst1o/dev/school/laravel/football_championship/vendor/laravel/framework/src/Illuminate/Console/View/Components/Task.php(40): Illuminate\\Database\\Migrations\\Migrator->Illuminate\\Database\\Migrations\\{closure}()
#12 /home/myst1o/dev/school/laravel/football_championship/vendor/laravel/framework/src/Illuminate/Database/Migrations/Migrator.php(737): Illuminate\\Console\\View\\Components\\Task->render()
#13 /home/myst1o/dev/school/laravel/football_championship/vendor/laravel/framework/src/Illuminate/Database/Migrations/Migrator.php(213): Illuminate\\Database\\Migrations\\Migrator->write()
#14 /home/myst1o/dev/school/laravel/football_championship/vendor/laravel/framework/src/Illuminate/Database/Migrations/Migrator.php(180): Illuminate\\Database\\Migrations\\Migrator->runUp()
#15 /home/myst1o/dev/school/laravel/football_championship/vendor/laravel/framework/src/Illuminate/Database/Migrations/Migrator.php(123): Illuminate\\Database\\Migrations\\Migrator->runPending()
#16 /home/myst1o/dev/school/laravel/football_championship/vendor/laravel/framework/src/Illuminate/Database/Console/Migrations/MigrateCommand.php(116): Illuminate\\Database\\Migrations\\Migrator->run()
#17 /home/myst1o/dev/school/laravel/football_championship/vendor/laravel/framework/src/Illuminate/Database/Migrations/Migrator.php(616): Illuminate\\Database\\Console\\Migrations\\MigrateCommand->Illuminate\\Database\\Console\\Migrations\\{closure}()
#18 /home/myst1o/dev/school/laravel/football_championship/vendor/laravel/framework/src/Illuminate/Database/Console/Migrations/MigrateCommand.php(109): Illuminate\\Database\\Migrations\\Migrator->usingConnection()
#19 /home/myst1o/dev/school/laravel/football_championship/vendor/laravel/framework/src/Illuminate/Database/Console/Migrations/MigrateCommand.php(88): Illuminate\\Database\\Console\\Migrations\\MigrateCommand->runMigrations()
#20 /home/myst1o/dev/school/laravel/football_championship/vendor/laravel/framework/src/Illuminate/Container/BoundMethod.php(36): Illuminate\\Database\\Console\\Migrations\\MigrateCommand->handle()
#21 /home/myst1o/dev/school/laravel/football_championship/vendor/laravel/framework/src/Illuminate/Container/Util.php(43): Illuminate\\Container\\BoundMethod::Illuminate\\Container\\{closure}()
#22 /home/myst1o/dev/school/laravel/football_championship/vendor/laravel/framework/src/Illuminate/Container/BoundMethod.php(95): Illuminate\\Container\\Util::unwrapIfClosure()
#23 /home/myst1o/dev/school/laravel/football_championship/vendor/laravel/framework/src/Illuminate/Container/BoundMethod.php(35): Illuminate\\Container\\BoundMethod::callBoundMethod()
#24 /home/myst1o/dev/school/laravel/football_championship/vendor/laravel/framework/src/Illuminate/Container/Container.php(690): Illuminate\\Container\\BoundMethod::call()
#25 /home/myst1o/dev/school/laravel/football_championship/vendor/laravel/framework/src/Illuminate/Console/Command.php(213): Illuminate\\Container\\Container->call()
#26 /home/myst1o/dev/school/laravel/football_championship/vendor/symfony/console/Command/Command.php(279): Illuminate\\Console\\Command->execute()
#27 /home/myst1o/dev/school/laravel/football_championship/vendor/laravel/framework/src/Illuminate/Console/Command.php(182): Symfony\\Component\\Console\\Command\\Command->run()
#28 /home/myst1o/dev/school/laravel/football_championship/vendor/symfony/console/Application.php(1047): Illuminate\\Console\\Command->run()
#29 /home/myst1o/dev/school/laravel/football_championship/vendor/symfony/console/Application.php(316): Symfony\\Component\\Console\\Application->doRunCommand()
#30 /home/myst1o/dev/school/laravel/football_championship/vendor/symfony/console/Application.php(167): Symfony\\Component\\Console\\Application->doRun()
#31 /home/myst1o/dev/school/laravel/football_championship/vendor/laravel/framework/src/Illuminate/Foundation/Console/Kernel.php(197): Symfony\\Component\\Console\\Application->run()
#32 /home/myst1o/dev/school/laravel/football_championship/vendor/laravel/framework/src/Illuminate/Foundation/Application.php(1205): Illuminate\\Foundation\\Console\\Kernel->handle()
#33 /home/myst1o/dev/school/laravel/football_championship/artisan(13): Illuminate\\Foundation\\Application->handleCommand()
#34 {main}

[previous exception] [object] (PDOException(code: 42S01): SQLSTATE[42S01]: Base table or view already exists: 1050 Table 'player_models' already exists at /home/myst1o/dev/school/laravel/football_championship/vendor/laravel/framework/src/Illuminate/Database/Connection.php:571)
[stacktrace]
#0 /home/myst1o/dev/school/laravel/football_championship/vendor/laravel/framework/src/Illuminate/Database/Connection.php(571): PDOStatement->execute()
#1 /home/myst1o/dev/school/laravel/football_championship/vendor/laravel/framework/src/Illuminate/Database/Connection.php(812): Illuminate\\Database\\Connection->Illuminate\\Database\\{closure}()
#2 /home/myst1o/dev/school/laravel/football_championship/vendor/laravel/framework/src/Illuminate/Database/Connection.php(779): Illuminate\\Database\\Connection->runQueryCallback()
#3 /home/myst1o/dev/school/laravel/football_championship/vendor/laravel/framework/src/Illuminate/Database/Connection.php(560): Illuminate\\Database\\Connection->run()
#4 /home/myst1o/dev/school/laravel/football_championship/vendor/laravel/framework/src/Illuminate/Database/Schema/Blueprint.php(117): Illuminate\\Database\\Connection->statement()
#5 /home/myst1o/dev/school/laravel/football_championship/vendor/laravel/framework/src/Illuminate/Database/Schema/Builder.php(564): Illuminate\\Database\\Schema\\Blueprint->build()
#6 /home/myst1o/dev/school/laravel/football_championship/vendor/laravel/framework/src/Illuminate/Database/Schema/Builder.php(418): Illuminate\\Database\\Schema\\Builder->build()
#7 /home/myst1o/dev/school/laravel/football_championship/vendor/laravel/framework/src/Illuminate/Support/Facades/Facade.php(358): Illuminate\\Database\\Schema\\Builder->create()
#8 /home/myst1o/dev/school/laravel/football_championship/database/migrations/2024_11_26_092429_create_player_table.php(14): Illuminate\\Support\\Facades\\Facade::__callStatic()
#9 /home/myst1o/dev/school/laravel/football_championship/vendor/laravel/framework/src/Illuminate/Database/Migrations/Migrator.php(476): Illuminate\\Database\\Migrations\\Migration@anonymous->up()
#10 /home/myst1o/dev/school/laravel/football_championship/vendor/laravel/framework/src/Illuminate/Database/Migrations/Migrator.php(401): Illuminate\\Database\\Migrations\\Migrator->runMethod()
#11 /home/myst1o/dev/school/laravel/football_championship/vendor/laravel/framework/src/Illuminate/Database/Migrations/Migrator.php(410): Illuminate\\Database\\Migrations\\Migrator->Illuminate\\Database\\Migrations\\{closure}()
#12 /home/myst1o/dev/school/laravel/football_championship/vendor/laravel/framework/src/Illuminate/Database/Migrations/Migrator.php(213): Illuminate\\Database\\Migrations\\Migrator->runMigration()
#13 /home/myst1o/dev/school/laravel/football_championship/vendor/laravel/framework/src/Illuminate/Console/View/Components/Task.php(40): Illuminate\\Database\\Migrations\\Migrator->Illuminate\\Database\\Migrations\\{closure}()
#14 /home/myst1o/dev/school/laravel/football_championship/vendor/laravel/framework/src/Illuminate/Database/Migrations/Migrator.php(737): Illuminate\\Console\\View\\Components\\Task->render()
#15 /home/myst1o/dev/school/laravel/football_championship/vendor/laravel/framework/src/Illuminate/Database/Migrations/Migrator.php(213): Illuminate\\Database\\Migrations\\Migrator->write()
#16 /home/myst1o/dev/school/laravel/football_championship/vendor/laravel/framework/src/Illuminate/Database/Migrations/Migrator.php(180): Illuminate\\Database\\Migrations\\Migrator->runUp()
#17 /home/myst1o/dev/school/laravel/football_championship/vendor/laravel/framework/src/Illuminate/Database/Migrations/Migrator.php(123): Illuminate\\Database\\Migrations\\Migrator->runPending()
#18 /home/myst1o/dev/school/laravel/football_championship/vendor/laravel/framework/src/Illuminate/Database/Console/Migrations/MigrateCommand.php(116): Illuminate\\Database\\Migrations\\Migrator->run()
#19 /home/myst1o/dev/school/laravel/football_championship/vendor/laravel/framework/src/Illuminate/Database/Migrations/Migrator.php(616): Illuminate\\Database\\Console\\Migrations\\MigrateCommand->Illuminate\\Database\\Console\\Migrations\\{closure}()
#20 /home/myst1o/dev/school/laravel/football_championship/vendor/laravel/framework/src/Illuminate/Database/Console/Migrations/MigrateCommand.php(109): Illuminate\\Database\\Migrations\\Migrator->usingConnection()
#21 /home/myst1o/dev/school/laravel/football_championship/vendor/laravel/framework/src/Illuminate/Database/Console/Migrations/MigrateCommand.php(88): Illuminate\\Database\\Console\\Migrations\\MigrateCommand->runMigrations()
#22 /home/myst1o/dev/school/laravel/football_championship/vendor/laravel/framework/src/Illuminate/Container/BoundMethod.php(36): Illuminate\\Database\\Console\\Migrations\\MigrateCommand->handle()
#23 /home/myst1o/dev/school/laravel/football_championship/vendor/laravel/framework/src/Illuminate/Container/Util.php(43): Illuminate\\Container\\BoundMethod::Illuminate\\Container\\{closure}()
#24 /home/myst1o/dev/school/laravel/football_championship/vendor/laravel/framework/src/Illuminate/Container/BoundMethod.php(95): Illuminate\\Container\\Util::unwrapIfClosure()
#25 /home/myst1o/dev/school/laravel/football_championship/vendor/laravel/framework/src/Illuminate/Container/BoundMethod.php(35): Illuminate\\Container\\BoundMethod::callBoundMethod()
#26 /home/myst1o/dev/school/laravel/football_championship/vendor/laravel/framework/src/Illuminate/Container/Container.php(690): Illuminate\\Container\\BoundMethod::call()
#27 /home/myst1o/dev/school/laravel/football_championship/vendor/laravel/framework/src/Illuminate/Console/Command.php(213): Illuminate\\Container\\Container->call()
#28 /home/myst1o/dev/school/laravel/football_championship/vendor/symfony/console/Command/Command.php(279): Illuminate\\Console\\Command->execute()
#29 /home/myst1o/dev/school/laravel/football_championship/vendor/laravel/framework/src/Illuminate/Console/Command.php(182): Symfony\\Component\\Console\\Command\\Command->run()
#30 /home/myst1o/dev/school/laravel/football_championship/vendor/symfony/console/Application.php(1047): Illuminate\\Console\\Command->run()
#31 /home/myst1o/dev/school/laravel/football_championship/vendor/symfony/console/Application.php(316): Symfony\\Component\\Console\\Application->doRunCommand()
#32 /home/myst1o/dev/school/laravel/football_championship/vendor/symfony/console/Application.php(167): Symfony\\Component\\Console\\Application->doRun()
#33 /home/myst1o/dev/school/laravel/football_championship/vendor/laravel/framework/src/Illuminate/Foundation/Console/Kernel.php(197): Symfony\\Component\\Console\\Application->run()
#34 /home/myst1o/dev/school/laravel/football_championship/vendor/laravel/framework/src/Illuminate/Foundation/Application.php(1205): Illuminate\\Foundation\\Console\\Kernel->handle()
#35 /home/myst1o/dev/school/laravel/football_championship/artisan(13): Illuminate\\Foundation\\Application->handleCommand()
#36 {main}
"} 
[2024-11-26 09:29:46] local.ERROR: SQLSTATE[HY000]: General error: 1005 Can't create table `football_championship`.`player_models` (errno: 150 "Foreign key constraint is incorrectly formed") (Connection: mysql, SQL: alter table `player_models` add constraint `player_models_team_id_foreign` foreign key (`team_id`) references `team` (`id`)) {"exception":"[object] (Illuminate\\Database\\QueryException(code: HY000): SQLSTATE[HY000]: General error: 1005 Can't create table `football_championship`.`player_models` (errno: 150 \"Foreign key constraint is incorrectly formed\") (Connection: mysql, SQL: alter table `player_models` add constraint `player_models_team_id_foreign` foreign key (`team_id`) references `team` (`id`)) at /home/myst1o/dev/school/laravel/football_championship/vendor/laravel/framework/src/Illuminate/Database/Connection.php:825)
[stacktrace]
#0 /home/myst1o/dev/school/laravel/football_championship/vendor/laravel/framework/src/Illuminate/Database/Connection.php(779): Illuminate\\Database\\Connection->runQueryCallback()
#1 /home/myst1o/dev/school/laravel/football_championship/vendor/laravel/framework/src/Illuminate/Database/Connection.php(560): Illuminate\\Database\\Connection->run()
#2 /home/myst1o/dev/school/laravel/football_championship/vendor/laravel/framework/src/Illuminate/Database/Schema/Blueprint.php(117): Illuminate\\Database\\Connection->statement()
#3 /home/myst1o/dev/school/laravel/football_championship/vendor/laravel/framework/src/Illuminate/Database/Schema/Builder.php(564): Illuminate\\Database\\Schema\\Blueprint->build()
#4 /home/myst1o/dev/school/laravel/football_championship/vendor/laravel/framework/src/Illuminate/Database/Schema/Builder.php(418): Illuminate\\Database\\Schema\\Builder->build()
#5 /home/myst1o/dev/school/laravel/football_championship/vendor/laravel/framework/src/Illuminate/Support/Facades/Facade.php(358): Illuminate\\Database\\Schema\\Builder->create()
#6 /home/myst1o/dev/school/laravel/football_championship/database/migrations/2024_11_26_092429_create_player_table.php(14): Illuminate\\Support\\Facades\\Facade::__callStatic()
#7 /home/myst1o/dev/school/laravel/football_championship/vendor/laravel/framework/src/Illuminate/Database/Migrations/Migrator.php(476): Illuminate\\Database\\Migrations\\Migration@anonymous->up()
#8 /home/myst1o/dev/school/laravel/football_championship/vendor/laravel/framework/src/Illuminate/Database/Migrations/Migrator.php(401): Illuminate\\Database\\Migrations\\Migrator->runMethod()
#9 /home/myst1o/dev/school/laravel/football_championship/vendor/laravel/framework/src/Illuminate/Database/Migrations/Migrator.php(410): Illuminate\\Database\\Migrations\\Migrator->Illuminate\\Database\\Migrations\\{closure}()
#10 /home/myst1o/dev/school/laravel/football_championship/vendor/laravel/framework/src/Illuminate/Database/Migrations/Migrator.php(213): Illuminate\\Database\\Migrations\\Migrator->runMigration()
#11 /home/myst1o/dev/school/laravel/football_championship/vendor/laravel/framework/src/Illuminate/Console/View/Components/Task.php(40): Illuminate\\Database\\Migrations\\Migrator->Illuminate\\Database\\Migrations\\{closure}()
#12 /home/myst1o/dev/school/laravel/football_championship/vendor/laravel/framework/src/Illuminate/Database/Migrations/Migrator.php(737): Illuminate\\Console\\View\\Components\\Task->render()
#13 /home/myst1o/dev/school/laravel/football_championship/vendor/laravel/framework/src/Illuminate/Database/Migrations/Migrator.php(213): Illuminate\\Database\\Migrations\\Migrator->write()
#14 /home/myst1o/dev/school/laravel/football_championship/vendor/laravel/framework/src/Illuminate/Database/Migrations/Migrator.php(180): Illuminate\\Database\\Migrations\\Migrator->runUp()
#15 /home/myst1o/dev/school/laravel/football_championship/vendor/laravel/framework/src/Illuminate/Database/Migrations/Migrator.php(123): Illuminate\\Database\\Migrations\\Migrator->runPending()
#16 /home/myst1o/dev/school/laravel/football_championship/vendor/laravel/framework/src/Illuminate/Database/Console/Migrations/MigrateCommand.php(116): Illuminate\\Database\\Migrations\\Migrator->run()
#17 /home/myst1o/dev/school/laravel/football_championship/vendor/laravel/framework/src/Illuminate/Database/Migrations/Migrator.php(616): Illuminate\\Database\\Console\\Migrations\\MigrateCommand->Illuminate\\Database\\Console\\Migrations\\{closure}()
#18 /home/myst1o/dev/school/laravel/football_championship/vendor/laravel/framework/src/Illuminate/Database/Console/Migrations/MigrateCommand.php(109): Illuminate\\Database\\Migrations\\Migrator->usingConnection()
#19 /home/myst1o/dev/school/laravel/football_championship/vendor/laravel/framework/src/Illuminate/Database/Console/Migrations/MigrateCommand.php(88): Illuminate\\Database\\Console\\Migrations\\MigrateCommand->runMigrations()
#20 /home/myst1o/dev/school/laravel/football_championship/vendor/laravel/framework/src/Illuminate/Container/BoundMethod.php(36): Illuminate\\Database\\Console\\Migrations\\MigrateCommand->handle()
#21 /home/myst1o/dev/school/laravel/football_championship/vendor/laravel/framework/src/Illuminate/Container/Util.php(43): Illuminate\\Container\\BoundMethod::Illuminate\\Container\\{closure}()
#22 /home/myst1o/dev/school/laravel/football_championship/vendor/laravel/framework/src/Illuminate/Container/BoundMethod.php(95): Illuminate\\Container\\Util::unwrapIfClosure()
#23 /home/myst1o/dev/school/laravel/football_championship/vendor/laravel/framework/src/Illuminate/Container/BoundMethod.php(35): Illuminate\\Container\\BoundMethod::callBoundMethod()
#24 /home/myst1o/dev/school/laravel/football_championship/vendor/laravel/framework/src/Illuminate/Container/Container.php(690): Illuminate\\Container\\BoundMethod::call()
#25 /home/myst1o/dev/school/laravel/football_championship/vendor/laravel/framework/src/Illuminate/Console/Command.php(213): Illuminate\\Container\\Container->call()
#26 /home/myst1o/dev/school/laravel/football_championship/vendor/symfony/console/Command/Command.php(279): Illuminate\\Console\\Command->execute()
#27 /home/myst1o/dev/school/laravel/football_championship/vendor/laravel/framework/src/Illuminate/Console/Command.php(182): Symfony\\Component\\Console\\Command\\Command->run()
#28 /home/myst1o/dev/school/laravel/football_championship/vendor/laravel/framework/src/Illuminate/Console/Concerns/CallsCommands.php(67): Illuminate\\Console\\Command->run()
#29 /home/myst1o/dev/school/laravel/football_championship/vendor/laravel/framework/src/Illuminate/Console/Concerns/CallsCommands.php(28): Illuminate\\Console\\Command->runCommand()
#30 /home/myst1o/dev/school/laravel/football_championship/vendor/laravel/framework/src/Illuminate/Database/Console/Migrations/FreshCommand.php(82): Illuminate\\Console\\Command->call()
#31 /home/myst1o/dev/school/laravel/football_championship/vendor/laravel/framework/src/Illuminate/Container/BoundMethod.php(36): Illuminate\\Database\\Console\\Migrations\\FreshCommand->handle()
#32 /home/myst1o/dev/school/laravel/football_championship/vendor/laravel/framework/src/Illuminate/Container/Util.php(43): Illuminate\\Container\\BoundMethod::Illuminate\\Container\\{closure}()
#33 /home/myst1o/dev/school/laravel/football_championship/vendor/laravel/framework/src/Illuminate/Container/BoundMethod.php(95): Illuminate\\Container\\Util::unwrapIfClosure()
#34 /home/myst1o/dev/school/laravel/football_championship/vendor/laravel/framework/src/Illuminate/Container/BoundMethod.php(35): Illuminate\\Container\\BoundMethod::callBoundMethod()
#35 /home/myst1o/dev/school/laravel/football_championship/vendor/laravel/framework/src/Illuminate/Container/Container.php(690): Illuminate\\Container\\BoundMethod::call()
#36 /home/myst1o/dev/school/laravel/football_championship/vendor/laravel/framework/src/Illuminate/Console/Command.php(213): Illuminate\\Container\\Container->call()
#37 /home/myst1o/dev/school/laravel/football_championship/vendor/symfony/console/Command/Command.php(279): Illuminate\\Console\\Command->execute()
#38 /home/myst1o/dev/school/laravel/football_championship/vendor/laravel/framework/src/Illuminate/Console/Command.php(182): Symfony\\Component\\Console\\Command\\Command->run()
#39 /home/myst1o/dev/school/laravel/football_championship/vendor/symfony/console/Application.php(1047): Illuminate\\Console\\Command->run()
#40 /home/myst1o/dev/school/laravel/football_championship/vendor/symfony/console/Application.php(316): Symfony\\Component\\Console\\Application->doRunCommand()
#41 /home/myst1o/dev/school/laravel/football_championship/vendor/symfony/console/Application.php(167): Symfony\\Component\\Console\\Application->doRun()
#42 /home/myst1o/dev/school/laravel/football_championship/vendor/laravel/framework/src/Illuminate/Foundation/Console/Kernel.php(197): Symfony\\Component\\Console\\Application->run()
#43 /home/myst1o/dev/school/laravel/football_championship/vendor/laravel/framework/src/Illuminate/Foundation/Application.php(1205): Illuminate\\Foundation\\Console\\Kernel->handle()
#44 /home/myst1o/dev/school/laravel/football_championship/artisan(13): Illuminate\\Foundation\\Application->handleCommand()
#45 {main}

[previous exception] [object] (PDOException(code: HY000): SQLSTATE[HY000]: General error: 1005 Can't create table `football_championship`.`player_models` (errno: 150 \"Foreign key constraint is incorrectly formed\") at /home/myst1o/dev/school/laravel/football_championship/vendor/laravel/framework/src/Illuminate/Database/Connection.php:571)
[stacktrace]
#0 /home/myst1o/dev/school/laravel/football_championship/vendor/laravel/framework/src/Illuminate/Database/Connection.php(571): PDOStatement->execute()
#1 /home/myst1o/dev/school/laravel/football_championship/vendor/laravel/framework/src/Illuminate/Database/Connection.php(812): Illuminate\\Database\\Connection->Illuminate\\Database\\{closure}()
#2 /home/myst1o/dev/school/laravel/football_championship/vendor/laravel/framework/src/Illuminate/Database/Connection.php(779): Illuminate\\Database\\Connection->runQueryCallback()
#3 /home/myst1o/dev/school/laravel/football_championship/vendor/laravel/framework/src/Illuminate/Database/Connection.php(560): Illuminate\\Database\\Connection->run()
#4 /home/myst1o/dev/school/laravel/football_championship/vendor/laravel/framework/src/Illuminate/Database/Schema/Blueprint.php(117): Illuminate\\Database\\Connection->statement()
#5 /home/myst1o/dev/school/laravel/football_championship/vendor/laravel/framework/src/Illuminate/Database/Schema/Builder.php(564): Illuminate\\Database\\Schema\\Blueprint->build()
#6 /home/myst1o/dev/school/laravel/football_championship/vendor/laravel/framework/src/Illuminate/Database/Schema/Builder.php(418): Illuminate\\Database\\Schema\\Builder->build()
#7 /home/myst1o/dev/school/laravel/football_championship/vendor/laravel/framework/src/Illuminate/Support/Facades/Facade.php(358): Illuminate\\Database\\Schema\\Builder->create()
#8 /home/myst1o/dev/school/laravel/football_championship/database/migrations/2024_11_26_092429_create_player_table.php(14): Illuminate\\Support\\Facades\\Facade::__callStatic()
#9 /home/myst1o/dev/school/laravel/football_championship/vendor/laravel/framework/src/Illuminate/Database/Migrations/Migrator.php(476): Illuminate\\Database\\Migrations\\Migration@anonymous->up()
#10 /home/myst1o/dev/school/laravel/football_championship/vendor/laravel/framework/src/Illuminate/Database/Migrations/Migrator.php(401): Illuminate\\Database\\Migrations\\Migrator->runMethod()
#11 /home/myst1o/dev/school/laravel/football_championship/vendor/laravel/framework/src/Illuminate/Database/Migrations/Migrator.php(410): Illuminate\\Database\\Migrations\\Migrator->Illuminate\\Database\\Migrations\\{closure}()
#12 /home/myst1o/dev/school/laravel/football_championship/vendor/laravel/framework/src/Illuminate/Database/Migrations/Migrator.php(213): Illuminate\\Database\\Migrations\\Migrator->runMigration()
#13 /home/myst1o/dev/school/laravel/football_championship/vendor/laravel/framework/src/Illuminate/Console/View/Components/Task.php(40): Illuminate\\Database\\Migrations\\Migrator->Illuminate\\Database\\Migrations\\{closure}()
#14 /home/myst1o/dev/school/laravel/football_championship/vendor/laravel/framework/src/Illuminate/Database/Migrations/Migrator.php(737): Illuminate\\Console\\View\\Components\\Task->render()
#15 /home/myst1o/dev/school/laravel/football_championship/vendor/laravel/framework/src/Illuminate/Database/Migrations/Migrator.php(213): Illuminate\\Database\\Migrations\\Migrator->write()
#16 /home/myst1o/dev/school/laravel/football_championship/vendor/laravel/framework/src/Illuminate/Database/Migrations/Migrator.php(180): Illuminate\\Database\\Migrations\\Migrator->runUp()
#17 /home/myst1o/dev/school/laravel/football_championship/vendor/laravel/framework/src/Illuminate/Database/Migrations/Migrator.php(123): Illuminate\\Database\\Migrations\\Migrator->runPending()
#18 /home/myst1o/dev/school/laravel/football_championship/vendor/laravel/framework/src/Illuminate/Database/Console/Migrations/MigrateCommand.php(116): Illuminate\\Database\\Migrations\\Migrator->run()
#19 /home/myst1o/dev/school/laravel/football_championship/vendor/laravel/framework/src/Illuminate/Database/Migrations/Migrator.php(616): Illuminate\\Database\\Console\\Migrations\\MigrateCommand->Illuminate\\Database\\Console\\Migrations\\{closure}()
#20 /home/myst1o/dev/school/laravel/football_championship/vendor/laravel/framework/src/Illuminate/Database/Console/Migrations/MigrateCommand.php(109): Illuminate\\Database\\Migrations\\Migrator->usingConnection()
#21 /home/myst1o/dev/school/laravel/football_championship/vendor/laravel/framework/src/Illuminate/Database/Console/Migrations/MigrateCommand.php(88): Illuminate\\Database\\Console\\Migrations\\MigrateCommand->runMigrations()
#22 /home/myst1o/dev/school/laravel/football_championship/vendor/laravel/framework/src/Illuminate/Container/BoundMethod.php(36): Illuminate\\Database\\Console\\Migrations\\MigrateCommand->handle()
#23 /home/myst1o/dev/school/laravel/football_championship/vendor/laravel/framework/src/Illuminate/Container/Util.php(43): Illuminate\\Container\\BoundMethod::Illuminate\\Container\\{closure}()
#24 /home/myst1o/dev/school/laravel/football_championship/vendor/laravel/framework/src/Illuminate/Container/BoundMethod.php(95): Illuminate\\Container\\Util::unwrapIfClosure()
#25 /home/myst1o/dev/school/laravel/football_championship/vendor/laravel/framework/src/Illuminate/Container/BoundMethod.php(35): Illuminate\\Container\\BoundMethod::callBoundMethod()
#26 /home/myst1o/dev/school/laravel/football_championship/vendor/laravel/framework/src/Illuminate/Container/Container.php(690): Illuminate\\Container\\BoundMethod::call()
#27 /home/myst1o/dev/school/laravel/football_championship/vendor/laravel/framework/src/Illuminate/Console/Command.php(213): Illuminate\\Container\\Container->call()
#28 /home/myst1o/dev/school/laravel/football_championship/vendor/symfony/console/Command/Command.php(279): Illuminate\\Console\\Command->execute()
#29 /home/myst1o/dev/school/laravel/football_championship/vendor/laravel/framework/src/Illuminate/Console/Command.php(182): Symfony\\Component\\Console\\Command\\Command->run()
#30 /home/myst1o/dev/school/laravel/football_championship/vendor/laravel/framework/src/Illuminate/Console/Concerns/CallsCommands.php(67): Illuminate\\Console\\Command->run()
#31 /home/myst1o/dev/school/laravel/football_championship/vendor/laravel/framework/src/Illuminate/Console/Concerns/CallsCommands.php(28): Illuminate\\Console\\Command->runCommand()
#32 /home/myst1o/dev/school/laravel/football_championship/vendor/laravel/framework/src/Illuminate/Database/Console/Migrations/FreshCommand.php(82): Illuminate\\Console\\Command->call()
#33 /home/myst1o/dev/school/laravel/football_championship/vendor/laravel/framework/src/Illuminate/Container/BoundMethod.php(36): Illuminate\\Database\\Console\\Migrations\\FreshCommand->handle()
#34 /home/myst1o/dev/school/laravel/football_championship/vendor/laravel/framework/src/Illuminate/Container/Util.php(43): Illuminate\\Container\\BoundMethod::Illuminate\\Container\\{closure}()
#35 /home/myst1o/dev/school/laravel/football_championship/vendor/laravel/framework/src/Illuminate/Container/BoundMethod.php(95): Illuminate\\Container\\Util::unwrapIfClosure()
#36 /home/myst1o/dev/school/laravel/football_championship/vendor/laravel/framework/src/Illuminate/Container/BoundMethod.php(35): Illuminate\\Container\\BoundMethod::callBoundMethod()
#37 /home/myst1o/dev/school/laravel/football_championship/vendor/laravel/framework/src/Illuminate/Container/Container.php(690): Illuminate\\Container\\BoundMethod::call()
#38 /home/myst1o/dev/school/laravel/football_championship/vendor/laravel/framework/src/Illuminate/Console/Command.php(213): Illuminate\\Container\\Container->call()
#39 /home/myst1o/dev/school/laravel/football_championship/vendor/symfony/console/Command/Command.php(279): Illuminate\\Console\\Command->execute()
#40 /home/myst1o/dev/school/laravel/football_championship/vendor/laravel/framework/src/Illuminate/Console/Command.php(182): Symfony\\Component\\Console\\Command\\Command->run()
#41 /home/myst1o/dev/school/laravel/football_championship/vendor/symfony/console/Application.php(1047): Illuminate\\Console\\Command->run()
#42 /home/myst1o/dev/school/laravel/football_championship/vendor/symfony/console/Application.php(316): Symfony\\Component\\Console\\Application->doRunCommand()
#43 /home/myst1o/dev/school/laravel/football_championship/vendor/symfony/console/Application.php(167): Symfony\\Component\\Console\\Application->doRun()
#44 /home/myst1o/dev/school/laravel/football_championship/vendor/laravel/framework/src/Illuminate/Foundation/Console/Kernel.php(197): Symfony\\Component\\Console\\Application->run()
#45 /home/myst1o/dev/school/laravel/football_championship/vendor/laravel/framework/src/Illuminate/Foundation/Application.php(1205): Illuminate\\Foundation\\Console\\Kernel->handle()
#46 /home/myst1o/dev/school/laravel/football_championship/artisan(13): Illuminate\\Foundation\\Application->handleCommand()
#47 {main}
"} 
